<?xml version="1.0" encoding="UTF-8"?>
<testng-results ignored="0" total="1" passed="1" failed="0" skipped="0">
  <reporter-output>
  </reporter-output>
  <suite started-at="2021-10-12T11:20:27Z" name="Default suite" finished-at="2021-10-12T11:21:52Z" duration-ms="85410">
    <groups>
    </groups>
    <test started-at="2021-10-12T11:20:27Z" name="Default test" finished-at="2021-10-12T11:21:52Z" duration-ms="85410">
      <class name="usersSort">
        <test-method is-config="true" signature="setUp()[pri:0, instance:usersSort@6304101a]" started-at="2021-10-12T11:20:27Z" name="setUp" finished-at="2021-10-12T11:20:29Z" duration-ms="2007" status="PASS">
          <reporter-output>
          </reporter-output>
        </test-method> <!-- setUp -->
        <test-method signature="testusersSort()[pri:0, instance:usersSort@6304101a]" started-at="2021-10-12T11:20:29Z" name="testusersSort" finished-at="2021-10-12T11:21:51Z" duration-ms="82638" status="PASS">
          <reporter-output>
          </reporter-output>
        </test-method> <!-- testusersSort -->
        <test-method is-config="true" signature="tearDown()[pri:0, instance:usersSort@6304101a]" started-at="2021-10-12T11:21:51Z" name="tearDown" finished-at="2021-10-12T11:21:52Z" duration-ms="737" status="PASS">
          <reporter-output>
          </reporter-output>
        </test-method> <!-- tearDown -->
      </class> <!-- usersSort -->
    </test> <!-- Default test -->
  </suite> <!-- Default suite -->
</testng-results>
